2023-12-11T12:40:30.559704-0500 - selected methods = ['lof', 'knn', 'if', 'mahala']
2023-12-11T12:40:30.560704-0500 - Start calling autood with file cardio.csv...indexColName = id, labelColName = label
2023-12-11T12:40:30.560704-0500 - Parameters: outlier_percentage_min = 5.0%, outlier_percentage_max = 15.0%
2023-12-11T12:40:30.562294-0500 - Dataset Name = cardio
2023-12-11T12:40:30.563315-0500 - Outlier Range defined as [5.0%, 15.0%]
2023-12-11T12:40:30.681476-0500 - Error connecting to the database or executing query.
2023-12-11T12:40:30.686627-0500 - Connecting to the PostgresSQL database...
2023-12-11T12:40:30.724457-0500 - Error connecting to the database or executing query.
2023-12-11T12:40:30.725457-0500 - Connecting to the PostgreSQL database...
2023-12-11T12:40:30.769092-0500 - Error connecting to the database or executing query.
2023-12-11T12:40:37.568450-0500 - Connecting to the PostgreSQL database...
2023-12-11T12:40:37.618607-0500 - Error connecting to the database or executing query.
2023-12-11T12:40:37.621610-0500 - Dataset size = (1831, 21), dataset label size = (1831,)
2023-12-11T12:40:37.622610-0500 - Start running LOF with k=[10, 20, 30, 40, 50, 60, 70, 80, 90, 100]
2023-12-11T12:40:38.724865-0500 - Connecting to the PostgreSQL database...
2023-12-11T12:40:38.761047-0500 - Error connecting to the database or executing query.
2023-12-11T12:40:38.763049-0500 - Best LOF F-1 = 0.3022222222222222
2023-12-11T12:40:38.763049-0500 - Start running KNN with k=[10, 20, 30, 40, 50, 60, 70, 80, 90, 100]
2023-12-11T12:40:39.747880-0500 - Connecting to the PostgreSQL database...
2023-12-11T12:40:39.780513-0500 - Error connecting to the database or executing query.
2023-12-11T12:40:39.783168-0500 - Best KNN F-1 = 0.5603864734299517
2023-12-11T12:40:39.783168-0500 - Start running Isolation Forest with max feature = [0.5, 0.6, 0.7, 0.8, 0.9]
2023-12-11T12:40:40.881409-0500 - Connecting to the PostgreSQL database...
2023-12-11T12:40:40.917714-0500 - Error connecting to the database or executing query.
2023-12-11T12:40:40.919740-0500 - Best IF F-1 = 0.5588235294117647
2023-12-11T12:40:40.919740-0500 - Start running Mahalanobis..
2023-12-11T12:40:40.966674-0500 - Connecting to the PostgreSQL database...
2023-12-11T12:40:41.003236-0500 - Error connecting to the database or executing query.
2023-12-11T12:40:41.005760-0500 - Best Mahala F-1 = 0.5022222222222222
2023-12-11T12:40:41.005760-0500 - Best Unsupervised F-1 Score = 0.5603864734299517
2023-12-11T12:40:41.006763-0500 - Best Unsupervised Outlier Detection Method = ['KNN']
2023-12-11T12:40:41.013764-0500 - Instance Index Ranges: [[0, 60], [60, 120], [120, 150], [150, 156]]
2023-12-11T12:40:41.014763-0500 - Detector Index Ranges: [[0, 10], [10, 20], [20, 25], [25, 26]]
2023-12-11T12:40:41.025280-0500 - F1 for Majority Vote:0.34285714285714286
2023-12-11T12:40:41.026288-0500 - ##################################################################
2023-12-11T12:40:41.027652-0500 - Start First-round AutoOD training...
2023-12-11T12:40:41.149135-0500 - Iteration = 0, F-1 score = 0.36015325670498083
2023-12-11T12:40:41.303434-0500 - Iteration = 1, F-1 score = 0.4013377926421405
2023-12-11T12:40:41.447022-0500 - Iteration = 2, F-1 score = 0.3986254295532646
2023-12-11T12:40:41.603792-0500 - Iteration = 3, F-1 score = 0.39999999999999997
2023-12-11T12:40:41.763419-0500 - Iteration = 4, F-1 score = 0.43729903536977494
2023-12-11T12:40:41.924769-0500 - Iteration = 5, F-1 score = 0.3946488294314381
2023-12-11T12:40:42.093768-0500 - Iteration = 6, F-1 score = 0.3946488294314381
2023-12-11T12:40:42.265823-0500 - Iteration = 7, F-1 score = 0.3946488294314381
2023-12-11T12:40:42.443565-0500 - Iteration = 8, F-1 score = 0.4144736842105263
2023-12-11T12:40:42.625415-0500 - Iteration = 9, F-1 score = 0.4119601328903654
2023-12-11T12:40:42.816321-0500 - Iteration = 10, F-1 score = 0.4313725490196078
2023-12-11T12:40:43.012016-0500 - Iteration = 11, F-1 score = 0.4313725490196078
2023-12-11T12:40:43.209150-0500 - Iteration = 12, F-1 score = 0.4313725490196078
2023-12-11T12:40:43.402905-0500 - Iteration = 13, F-1 score = 0.4262295081967213
2023-12-11T12:40:43.581968-0500 - Iteration = 14, F-1 score = 0.45538461538461544
2023-12-11T12:40:43.770358-0500 - Iteration = 15, F-1 score = 0.45538461538461544
2023-12-11T12:40:43.946528-0500 - Iteration = 16, F-1 score = 0.4350649350649351
2023-12-11T12:40:44.139597-0500 - Iteration = 17, F-1 score = 0.4350649350649351
2023-12-11T12:40:44.330793-0500 - Iteration = 18, F-1 score = 0.45538461538461544
2023-12-11T12:40:44.521804-0500 - Iteration = 19, F-1 score = 0.4652567975830816
2023-12-11T12:40:44.689068-0500 - Iteration = 20, F-1 score = 0.43949044585987257
2023-12-11T12:40:44.884267-0500 - Iteration = 21, F-1 score = 0.5777777777777778
2023-12-11T12:40:45.082597-0500 - Iteration = 22, F-1 score = 0.5745856353591161
2023-12-11T12:40:45.321438-0500 - Iteration = 23, F-1 score = 0.5745856353591161
2023-12-11T12:40:45.556768-0500 - Iteration = 24, F-1 score = 0.5831062670299727
2023-12-11T12:40:45.755893-0500 - Iteration = 25, F-1 score = 0.5831062670299727
2023-12-11T12:40:45.962343-0500 - Iteration = 26, F-1 score = 0.5831062670299727
2023-12-11T12:40:46.164413-0500 - Iteration = 27, F-1 score = 0.5831062670299727
2023-12-11T12:40:46.379755-0500 - Iteration = 28, F-1 score = 0.5831062670299727
2023-12-11T12:40:46.383979-0500 - Connecting to the PostgreSQL database...
2023-12-11T12:40:46.421466-0500 - Error connecting to the database or executing query.
2023-12-11T12:40:46.652800-0500 - ##################################################################
2023-12-11T12:40:46.653856-0500 - Start Second-round AutoOD training...
2023-12-11T12:40:46.836301-0500 - Iteration = 0, F-1 score = 0.5174418604651163
2023-12-11T12:40:47.032253-0500 - Iteration = 1, F-1 score = 0.5240963855421686
2023-12-11T12:40:47.250902-0500 - Iteration = 2, F-1 score = 0.5227963525835867
2023-12-11T12:40:47.437225-0500 - Iteration = 3, F-1 score = 0.5317220543806646
2023-12-11T12:40:47.624487-0500 - Iteration = 4, F-1 score = 0.5317919075144507
2023-12-11T12:40:47.811105-0500 - Iteration = 5, F-1 score = 0.5313432835820896
2023-12-11T12:40:48.006814-0500 - Iteration = 6, F-1 score = 0.5357142857142858
2023-12-11T12:40:48.203416-0500 - Iteration = 7, F-1 score = 0.5377643504531722
2023-12-11T12:40:48.404986-0500 - Iteration = 8, F-1 score = 0.543859649122807
2023-12-11T12:40:48.607783-0500 - Iteration = 9, F-1 score = 0.543859649122807
2023-12-11T12:40:48.831592-0500 - Iteration = 10, F-1 score = 0.543859649122807
2023-12-11T12:40:49.032428-0500 - Iteration = 11, F-1 score = 0.5361445783132531
2023-12-11T12:40:49.254815-0500 - Iteration = 12, F-1 score = 0.5517241379310344
2023-12-11T12:40:49.457437-0500 - Iteration = 13, F-1 score = 0.5517241379310344
2023-12-11T12:40:49.648511-0500 - Iteration = 14, F-1 score = 0.5364431486880465
2023-12-11T12:40:49.832904-0500 - Iteration = 15, F-1 score = 0.5776566757493188
2023-12-11T12:40:50.016530-0500 - Iteration = 16, F-1 score = 0.5737704918032787
2023-12-11T12:40:50.198171-0500 - Iteration = 17, F-1 score = 0.5737704918032787
2023-12-11T12:40:50.388064-0500 - Iteration = 18, F-1 score = 0.5737704918032787
2023-12-11T12:40:50.595457-0500 - Iteration = 19, F-1 score = 0.5737704918032787
2023-12-11T12:40:50.793960-0500 - Iteration = 20, F-1 score = 0.5737704918032787
2023-12-11T12:40:50.803795-0500 - Connecting to the PostgreSQL database...
2023-12-11T12:40:50.840488-0500 - Error connecting to the database or executing query.
